# JRE version: OpenJDK Runtime Environment (8.0_76-b03) (build 1.8.0_76-release-b03)
# Java VM: OpenJDK 64-Bit Server VM (25.76-b03 mixed mode windows-amd64 compressed oops)
Heap:
 PSYoungGen      total 222720K, used 175104K [0x00000000e0000000, 0x00000000ffc00000, 0x0000000100000000)
  eden space 175104K, 100% used [0x00000000e0000000,0x00000000eab00000,0x00000000eab00000)
  from space 47616K, 0% used [0x00000000eab00000,0x00000000eab00000,0x00000000ed980000)
  to   space 172544K, 0% used [0x00000000f5380000,0x00000000f5380000,0x00000000ffc00000)
 ParOldGen       total 1048576K, used 1048568K [0x00000000a0000000, 0x00000000e0000000, 0x00000000e0000000)
  object space 1048576K, 99% used [0x00000000a0000000,0x00000000dfffe118,0x00000000e0000000)
 Metaspace       used 82623K, capacity 87858K, committed 93744K, reserved 1130496K
  class space    used 10098K, capacity 10571K, committed 11824K, reserved 1048576K
GC Heap History (10 events):
Event: 11907.482 GC heap after
Heap after GC invocations=683 (full 590):
 PSYoungGen      total 222720K, used 175104K [0x00000000e0000000, 0x00000000ffc00000, 0x0000000100000000)
  eden space 175104K, 100% used [0x00000000e0000000,0x00000000eab00000,0x00000000eab00000)
  from space 47616K, 0% used [0x00000000eab00000,0x00000000eab00000,0x00000000ed980000)
  to   space 172544K, 0% used [0x00000000f5380000,0x00000000f5380000,0x00000000ffc00000)
 ParOldGen       total 1048576K, used 1048567K [0x00000000a0000000, 0x00000000e0000000, 0x00000000e0000000)
  object space 1048576K, 99% used [0x00000000a0000000,0x00000000dfffdd08,0x00000000e0000000)
 Metaspace       used 82623K, capacity 87858K, committed 93744K, reserved 1130496K
  class space    used 10098K, capacity 10571K, committed 11824K, reserved 1048576K
}
Event: 11907.502 GC heap before
{Heap before GC invocations=684 (full 591):
 PSYoungGen      total 222720K, used 175104K [0x00000000e0000000, 0x00000000ffc00000, 0x0000000100000000)
  eden space 175104K, 100% used [0x00000000e0000000,0x00000000eab00000,0x00000000eab00000)
  from space 47616K, 0% used [0x00000000eab00000,0x00000000eab00000,0x00000000ed980000)
  to   space 172544K, 0% used [0x00000000f5380000,0x00000000f5380000,0x00000000ffc00000)
 ParOldGen       total 1048576K, used 1048569K [0x00000000a0000000, 0x00000000e0000000, 0x00000000e0000000)
  object space 1048576K, 99% used [0x00000000a0000000,0x00000000dfffe6f8,0x00000000e0000000)
 Metaspace       used 82623K, capacity 87858K, committed 93744K, reserved 1130496K
  class space    used 10098K, capacity 10571K, committed 11824K, reserved 1048576K
Event: 11908.735 GC heap after
Heap after GC invocations=684 (full 591):
 PSYoungGen      total 222720K, used 175103K [0x00000000e0000000, 0x00000000ffc00000, 0x0000000100000000)
  eden space 175104K, 99% used [0x00000000e0000000,0x00000000eaafffb8,0x00000000eab00000)
  from space 47616K, 0% used [0x00000000eab00000,0x00000000eab00000,0x00000000ed980000)
  to   space 172544K, 0% used [0x00000000f5380000,0x00000000f5380000,0x00000000ffc00000)
 ParOldGen       total 1048576K, used 1048567K [0x00000000a0000000, 0x00000000e0000000, 0x00000000e0000000)
  object space 1048576K, 99% used [0x00000000a0000000,0x00000000dfffde38,0x00000000e0000000)
 Metaspace       used 82623K, capacity 87858K, committed 93744K, reserved 1130496K
  class space    used 10098K, capacity 10571K, committed 11824K, reserved 1048576K
}
Event: 11908.735 GC heap before
{Heap before GC invocations=685 (full 592):
 PSYoungGen      total 222720K, used 175103K [0x00000000e0000000, 0x00000000ffc00000, 0x0000000100000000)
  eden space 175104K, 99% used [0x00000000e0000000,0x00000000eaaffff8,0x00000000eab00000)
  from space 47616K, 0% used [0x00000000eab00000,0x00000000eab00000,0x00000000ed980000)
  to   space 172544K, 0% used [0x00000000f5380000,0x00000000f5380000,0x00000000ffc00000)
 ParOldGen       total 1048576K, used 1048567K [0x00000000a0000000, 0x00000000e0000000, 0x00000000e0000000)
  object space 1048576K, 99% used [0x00000000a0000000,0x00000000dfffde38,0x00000000e0000000)
 Metaspace       used 82623K, capacity 87858K, committed 93744K, reserved 1130496K
  class space    used 10098K, capacity 10571K, committed 11824K, reserved 1048576K
Event: 11910.039 GC heap after
Heap after GC invocations=685 (full 592):
 PSYoungGen      total 222720K, used 175103K [0x00000000e0000000, 0x00000000ffc00000, 0x0000000100000000)
  eden space 175104K, 99% used [0x00000000e0000000,0x00000000eaafff70,0x00000000eab00000)
  from space 47616K, 0% used [0x00000000eab00000,0x00000000eab00000,0x00000000ed980000)
  to   space 172544K, 0% used [0x00000000f5380000,0x00000000f5380000,0x00000000ffc00000)
 ParOldGen       total 1048576K, used 1048567K [0x00000000a0000000, 0x00000000e0000000, 0x00000000e0000000)
  object space 1048576K, 99% used [0x00000000a0000000,0x00000000dfffdd40,0x00000000e0000000)
 Metaspace       used 82623K, capacity 87858K, committed 93744K, reserved 1130496K
  class space    used 10098K, capacity 10571K, committed 11824K, reserved 1048576K
}
Event: 11910.040 GC heap before
{Heap before GC invocations=686 (full 593):
 PSYoungGen      total 222720K, used 175104K [0x00000000e0000000, 0x00000000ffc00000, 0x0000000100000000)
  eden space 175104K, 100% used [0x00000000e0000000,0x00000000eab00000,0x00000000eab00000)
  from space 47616K, 0% used [0x00000000eab00000,0x00000000eab00000,0x00000000ed980000)
  to   space 172544K, 0% used [0x00000000f5380000,0x00000000f5380000,0x00000000ffc00000)
 ParOldGen       total 1048576K, used 1048567K [0x00000000a0000000, 0x00000000e0000000, 0x00000000e0000000)
  object space 1048576K, 99% used [0x00000000a0000000,0x00000000dfffdd40,0x00000000e0000000)
 Metaspace       used 82623K, capacity 87858K, committed 93744K, reserved 1130496K
  class space    used 10098K, capacity 10571K, committed 11824K, reserved 1048576K
Event: 11911.942 GC heap after
Heap after GC invocations=686 (full 593):
 PSYoungGen      total 222720K, used 175103K [0x00000000e0000000, 0x00000000ffc00000, 0x0000000100000000)
  eden space 175104K, 99% used [0x00000000e0000000,0x00000000eaafffc8,0x00000000eab00000)
  from space 47616K, 0% used [0x00000000eab00000,0x00000000eab00000,0x00000000ed980000)
  to   space 172544K, 0% used [0x00000000f5380000,0x00000000f5380000,0x00000000ffc00000)
 ParOldGen       total 1048576K, used 1048567K [0x00000000a0000000, 0x00000000e0000000, 0x00000000e0000000)
  object space 1048576K, 99% used [0x00000000a0000000,0x00000000dfffdd40,0x00000000e0000000)
 Metaspace       used 82623K, capacity 87858K, committed 93744K, reserved 1130496K
  class space    used 10098K, capacity 10571K, committed 11824K, reserved 1048576K
}
Event: 11911.943 GC heap before
{Heap before GC invocations=687 (full 594):
 PSYoungGen      total 222720K, used 175104K [0x00000000e0000000, 0x00000000ffc00000, 0x0000000100000000)
  eden space 175104K, 100% used [0x00000000e0000000,0x00000000eab00000,0x00000000eab00000)
  from space 47616K, 0% used [0x00000000eab00000,0x00000000eab00000,0x00000000ed980000)
  to   space 172544K, 0% used [0x00000000f5380000,0x00000000f5380000,0x00000000ffc00000)
 ParOldGen       total 1048576K, used 1048570K [0x00000000a0000000, 0x00000000e0000000, 0x00000000e0000000)
  object space 1048576K, 99% used [0x00000000a0000000,0x00000000dfffe970,0x00000000e0000000)
 Metaspace       used 82623K, capacity 87858K, committed 93744K, reserved 1130496K
  class space    used 10098K, capacity 10571K, committed 11824K, reserved 1048576K
Event: 11914.593 GC heap after
Heap after GC invocations=687 (full 594):
 PSYoungGen      total 222720K, used 175103K [0x00000000e0000000, 0x00000000ffc00000, 0x0000000100000000)
  eden space 175104K, 99% used [0x00000000e0000000,0x00000000eaafffa0,0x00000000eab00000)
  from space 47616K, 0% used [0x00000000eab00000,0x00000000eab00000,0x00000000ed980000)
  to   space 172544K, 0% used [0x00000000f5380000,0x00000000f5380000,0x00000000ffc00000)
 ParOldGen       total 1048576K, used 1048568K [0x00000000a0000000, 0x00000000e0000000, 0x00000000e0000000)
  object space 1048576K, 99% used [0x00000000a0000000,0x00000000dfffe118,0x00000000e0000000)
 Metaspace       used 82623K, capacity 87858K, committed 93744K, reserved 1130496K
  class space    used 10098K, capacity 10571K, committed 11824K, reserved 1048576K
}
Event: 11914.593 GC heap before
{Heap before GC invocations=688 (full 595):
 PSYoungGen      total 222720K, used 175104K [0x00000000e0000000, 0x00000000ffc00000, 0x0000000100000000)
  eden space 175104K, 100% used [0x00000000e0000000,0x00000000eab00000,0x00000000eab00000)
  from space 47616K, 0% used [0x00000000eab00000,0x00000000eab00000,0x00000000ed980000)
  to   space 172544K, 0% used [0x00000000f5380000,0x00000000f5380000,0x00000000ffc00000)
 ParOldGen       total 1048576K, used 1048568K [0x00000000a0000000, 0x00000000e0000000, 0x00000000e0000000)
  object space 1048576K, 99% used [0x00000000a0000000,0x00000000dfffe118,0x00000000e0000000)
 Metaspace       used 82623K, capacity 87858K, committed 93744K, reserved 1130496K
  class space    used 10098K, capacity 10571K, committed 11824K, reserved 1048576K

